CONFIG 16!
WARNING: Environment variable LD_PRELOAD already has value [], will not forward new value [/apps/xalt/xalt/lib64/libxalt_init.so] from parent process environment
INFO:    gocryptfs not found, will not be able to use gocryptfs
source: open /users/PAS2152/eashanvytla1/workspace/DreamingFalconROS/container/setup.sh: no such file or directory
Starting PX4 Autopilot...
Started PX4 Autopilot with PID: 918
Waiting for PX4 to be ready... 1/30 seconds
Waiting for PX4 to be ready... 2/30 seconds
Waiting for PX4 to be ready... 3/30 seconds
Waiting for PX4 to be ready... 4/30 seconds
Waiting for PX4 to be ready... 5/30 seconds
Waiting for PX4 to be ready... 6/30 seconds
Waiting for PX4 to be ready... 7/30 seconds
Waiting for PX4 to be ready... 8/30 seconds
Waiting for PX4 to be ready... 9/30 seconds
Waiting for PX4 to be ready... 10/30 seconds
Waiting for PX4 to be ready... 11/30 seconds
Waiting for PX4 to be ready... 12/30 seconds
Waiting for PX4 to be ready... 13/30 seconds
Waiting for PX4 to be ready... 14/30 seconds
PX4 is ready for takeoff!
Time elapsed: 0/1260 seconds
Starting >>> px4_msgs
Time elapsed: 10/1260 seconds
Finished <<< px4_msgs [6.88s]
Starting >>> px4_ros_com
Finished <<< px4_ros_com [1.28s]

Summary: 2 packages finished [9.25s]
Running with configuration: configs/config_16.yaml
Time elapsed: 20/1260 seconds
Time elapsed: 30/1260 seconds
Time elapsed: 40/1260 seconds
Time elapsed: 50/1260 seconds
Time elapsed: 60/1260 seconds
Time elapsed: 70/1260 seconds
Time elapsed: 80/1260 seconds
Time elapsed: 90/1260 seconds
Time elapsed: 100/1260 seconds
Time elapsed: 110/1260 seconds
Time elapsed: 120/1260 seconds
Time elapsed: 130/1260 seconds
Time elapsed: 140/1260 seconds
Time elapsed: 150/1260 seconds
Time elapsed: 160/1260 seconds
Time elapsed: 170/1260 seconds
Time elapsed: 180/1260 seconds
Time elapsed: 190/1260 seconds
Time elapsed: 200/1260 seconds
Time elapsed: 210/1260 seconds
Time elapsed: 220/1260 seconds
Time elapsed: 230/1260 seconds
