CONFIG 7!
WARNING: Environment variable LD_PRELOAD already has value [], will not forward new value [/apps/xalt/xalt/lib64/libxalt_init.so] from parent process environment
INFO:    gocryptfs not found, will not be able to use gocryptfs
source: open /users/PAS2152/eashanvytla1/workspace/DreamingFalconROS/container/setup.sh: no such file or directory
Starting PX4 Autopilot...
Started PX4 Autopilot with PID: 144385
Waiting for PX4 to be ready... 1/30 seconds
Waiting for PX4 to be ready... 2/30 seconds
Waiting for PX4 to be ready... 3/30 seconds
Waiting for PX4 to be ready... 4/30 seconds
Waiting for PX4 to be ready... 5/30 seconds
Waiting for PX4 to be ready... 6/30 seconds
Waiting for PX4 to be ready... 7/30 seconds
Waiting for PX4 to be ready... 8/30 seconds
Waiting for PX4 to be ready... 9/30 seconds
Waiting for PX4 to be ready... 10/30 seconds
Waiting for PX4 to be ready... 11/30 seconds
Waiting for PX4 to be ready... 12/30 seconds
Waiting for PX4 to be ready... 13/30 seconds
Waiting for PX4 to be ready... 14/30 seconds
Waiting for PX4 to be ready... 15/30 seconds
PX4 is ready for takeoff!
Time elapsed: 0/1260 seconds
Running with configuration: configs/config_7.yaml
Time elapsed: 10/1260 seconds
Time elapsed: 20/1260 seconds
Time elapsed: 30/1260 seconds
slurmstepd: error: *** JOB 33919817 ON p0040 CANCELLED AT 2025-02-25T13:57:15 ***
