CONFIG 1!
WARNING: Environment variable LD_PRELOAD already has value [], will not forward new value [/apps/xalt/xalt/lib64/libxalt_init.so] from parent process environment
INFO:    gocryptfs not found, will not be able to use gocryptfs
source: open /users/PAS2152/eashanvytla1/workspace/DreamingFalconROS/container/setup.sh: no such file or directory
Starting PX4 Autopilot...
Time elapsed: 0/30 seconds
Time elapsed: 1/30 seconds
Time elapsed: 2/30 seconds
Time elapsed: 3/30 seconds
Time elapsed: 4/30 seconds
Time elapsed: 5/30 seconds
Time elapsed: 6/30 seconds
Time elapsed: 7/30 seconds
Time elapsed: 8/30 seconds
Time elapsed: 9/30 seconds
Time elapsed: 10/30 seconds
Time elapsed: 11/30 seconds
Time elapsed: 12/30 seconds
Time elapsed: 13/30 seconds
Time elapsed: 14/30 seconds
Time elapsed: 15/30 seconds
Time elapsed: 16/30 seconds
Time elapsed: 17/30 seconds
Time elapsed: 18/30 seconds
Time elapsed: 19/30 seconds
Time elapsed: 20/30 seconds
Time elapsed: 21/30 seconds
Time elapsed: 22/30 seconds
Time elapsed: 23/30 seconds
Time elapsed: 24/30 seconds
Time elapsed: 25/30 seconds
Time elapsed: 26/30 seconds
Time elapsed: 27/30 seconds
Time elapsed: 28/30 seconds
Time elapsed: 29/30 seconds
Time elapsed: 0/1260 seconds
Running with configuration: configs/config_1.yaml
Time elapsed: 10/1260 seconds
Time elapsed: 20/1260 seconds
Time elapsed: 30/1260 seconds
Time elapsed: 40/1260 seconds
Time elapsed: 50/1260 seconds
Time elapsed: 60/1260 seconds
Time elapsed: 70/1260 seconds
Time elapsed: 80/1260 seconds
Time elapsed: 90/1260 seconds
Time elapsed: 100/1260 seconds
Time elapsed: 110/1260 seconds
Time elapsed: 120/1260 seconds
Time elapsed: 130/1260 seconds
Time elapsed: 140/1260 seconds
Time elapsed: 150/1260 seconds
Time elapsed: 160/1260 seconds
Time elapsed: 170/1260 seconds
Time elapsed: 180/1260 seconds
Time elapsed: 190/1260 seconds
Time elapsed: 200/1260 seconds
Time elapsed: 210/1260 seconds
Time elapsed: 220/1260 seconds
Time elapsed: 230/1260 seconds
Time elapsed: 240/1260 seconds
Time elapsed: 250/1260 seconds
Time elapsed: 260/1260 seconds
Time elapsed: 270/1260 seconds
Time elapsed: 280/1260 seconds
Time elapsed: 290/1260 seconds
Time elapsed: 300/1260 seconds
Time elapsed: 310/1260 seconds
Time elapsed: 320/1260 seconds
Time elapsed: 330/1260 seconds
Time elapsed: 340/1260 seconds
Time elapsed: 350/1260 seconds
Time elapsed: 360/1260 seconds
Time elapsed: 370/1260 seconds
Time elapsed: 380/1260 seconds
Time elapsed: 390/1260 seconds
Time elapsed: 400/1260 seconds
Time elapsed: 410/1260 seconds
Time elapsed: 420/1260 seconds
Time elapsed: 430/1260 seconds
Time elapsed: 440/1260 seconds
Time elapsed: 450/1260 seconds
Time elapsed: 460/1260 seconds
Time elapsed: 470/1260 seconds
Time elapsed: 480/1260 seconds
Time elapsed: 490/1260 seconds
Time elapsed: 500/1260 seconds
Time elapsed: 510/1260 seconds
Time elapsed: 520/1260 seconds
Time elapsed: 530/1260 seconds
Time elapsed: 540/1260 seconds
Time elapsed: 550/1260 seconds
Time elapsed: 560/1260 seconds
Time elapsed: 570/1260 seconds
Time elapsed: 580/1260 seconds
Time elapsed: 590/1260 seconds
Time elapsed: 600/1260 seconds
Time elapsed: 610/1260 seconds
Time elapsed: 620/1260 seconds
Time elapsed: 630/1260 seconds
Time elapsed: 640/1260 seconds
Time elapsed: 650/1260 seconds
Time elapsed: 660/1260 seconds
Time elapsed: 670/1260 seconds
Time elapsed: 680/1260 seconds
Time elapsed: 690/1260 seconds
Time elapsed: 700/1260 seconds
Time elapsed: 710/1260 seconds
Time elapsed: 720/1260 seconds
Time elapsed: 730/1260 seconds
Time elapsed: 740/1260 seconds
Time elapsed: 750/1260 seconds
Time elapsed: 760/1260 seconds
Time elapsed: 770/1260 seconds
Time elapsed: 780/1260 seconds
Time elapsed: 790/1260 seconds
Time elapsed: 800/1260 seconds
Time elapsed: 810/1260 seconds
Time elapsed: 820/1260 seconds
Time elapsed: 830/1260 seconds
Time elapsed: 840/1260 seconds
Time elapsed: 850/1260 seconds
Time elapsed: 860/1260 seconds
Time elapsed: 870/1260 seconds
Time elapsed: 880/1260 seconds
Time elapsed: 890/1260 seconds
Time elapsed: 900/1260 seconds
Time elapsed: 910/1260 seconds
Time elapsed: 920/1260 seconds
Time elapsed: 930/1260 seconds
Time elapsed: 940/1260 seconds
Time elapsed: 950/1260 seconds
Time elapsed: 960/1260 seconds
Time elapsed: 970/1260 seconds
Time elapsed: 980/1260 seconds
Time elapsed: 990/1260 seconds
Time elapsed: 1000/1260 seconds
Time elapsed: 1010/1260 seconds
Time elapsed: 1020/1260 seconds
Time elapsed: 1030/1260 seconds
Time elapsed: 1040/1260 seconds
Time elapsed: 1050/1260 seconds
Time elapsed: 1060/1260 seconds
Time elapsed: 1070/1260 seconds
Time elapsed: 1080/1260 seconds
Time elapsed: 1090/1260 seconds
Time elapsed: 1100/1260 seconds
Time elapsed: 1110/1260 seconds
Time elapsed: 1120/1260 seconds
Time elapsed: 1130/1260 seconds
Time elapsed: 1140/1260 seconds
Time elapsed: 1150/1260 seconds
Time elapsed: 1160/1260 seconds
Time elapsed: 1170/1260 seconds
Time elapsed: 1180/1260 seconds
Time elapsed: 1190/1260 seconds
Time elapsed: 1200/1260 seconds
Time elapsed: 1210/1260 seconds
Time elapsed: 1220/1260 seconds
Time elapsed: 1230/1260 seconds
Time elapsed: 1240/1260 seconds
Time elapsed: 1250/1260 seconds
Timeout reached (1260 seconds). Initiating shutdown...
Cleaning up processes...
Tuning run completed. Logs available in /workspace/logs/run_1
mv: cannot stat '': No such file or directory
Moved  to completed directory
Cleaning up processes...
INFO:    Terminating fuse-overlayfs after timeout
INFO:    Timeouts can be caused by a running background process
INFO:    Cleanup error: while stopping driver for /var/apptainer/mnt/session/final: fuse-overlayfs exited: fuse: failed to unmount /var/apptainer/mnt/session/final: Invalid argument
